app/build/intermediates/manifest_merge_blame_file/debug/manifest-merger-blame-debug-report.txt
1<?xml version="1.0" encoding="utf-8"?>
2<manifest xmlns:android="http://schemas.android.com/apk/res/android"
3    package="com.insecureshop"
4    android:versionCode="1"
5    android:versionName="1.0" >
6
7    <uses-sdk
8        android:minSdkVersion="19"
8-->src/main/AndroidManifest.xml
9        android:targetSdkVersion="33" />
9-->src/main/AndroidManifest.xml
10
11    <uses-permission android:name="android.permission.INTERNET" />
11-->src/main/AndroidManifest.xml:5:5-67
11-->src/main/AndroidManifest.xml:5:22-64
12    <uses-permission android:name="android.permission.READ_EXTERNAL_STORAGE" />
12-->src/main/AndroidManifest.xml:6:5-80
12-->src/main/AndroidManifest.xml:6:22-77
13    <uses-permission android:name="android.permission.WRITE_EXTERNAL_STORAGE" />
13-->src/main/AndroidManifest.xml:7:5-81
13-->src/main/AndroidManifest.xml:7:22-78
14    <uses-permission android:name="android.permission.READ_CONTACTS" />
14-->src/main/AndroidManifest.xml:8:5-72
14-->src/main/AndroidManifest.xml:8:22-69
15
16    <permission android:name="com.insecureshop.permission.READ" />
16-->src/main/AndroidManifest.xml:10:5-67
16-->src/main/AndroidManifest.xml:10:17-64
17
18    <uses-permission android:name="android.permission.WAKE_LOCK" />
18-->[net.gotev:uploadservice:3.2.1] AndroidManifest.xml:14:5-68
18-->[net.gotev:uploadservice:3.2.1] AndroidManifest.xml:14:22-65
19
20    <application
20-->src/main/AndroidManifest.xml:12:5-97:19
21        android:name="com.insecureshop.InsecureShopApp"
21-->src/main/AndroidManifest.xml:13:9-40
22        android:allowBackup="true"
22-->src/main/AndroidManifest.xml:14:9-35
23        android:appComponentFactory="androidx.core.app.CoreComponentFactory"
23-->[androidx.core:core:1.3.0] AndroidManifest.xml:24:18-86
24        android:debuggable="true"
25        android:icon="@mipmap/ic_launcher"
25-->src/main/AndroidManifest.xml:15:9-43
26        android:label="@string/app_name"
26-->src/main/AndroidManifest.xml:16:9-41
27        android:roundIcon="@mipmap/ic_launcher_round"
27-->src/main/AndroidManifest.xml:17:9-54
28        android:supportsRtl="true"
28-->src/main/AndroidManifest.xml:18:9-35
29        android:testOnly="true"
30        android:theme="@style/AppTheme"
30-->src/main/AndroidManifest.xml:19:9-40
31        android:usesCleartextTraffic="true" >
31-->src/main/AndroidManifest.xml:20:9-44
32        <activity
32-->src/main/AndroidManifest.xml:21:9-45:20
33            android:name="com.insecureshop.ChooserActivity"
33-->src/main/AndroidManifest.xml:22:13-44
34            android:excludeFromRecents="true"
34-->src/main/AndroidManifest.xml:24:13-46
35            android:exported="true" >
35-->src/main/AndroidManifest.xml:23:13-36
36            <intent-filter>
36-->src/main/AndroidManifest.xml:25:13-29:29
37                <action android:name="android.intent.action.VIEW" />
37-->src/main/AndroidManifest.xml:26:17-69
37-->src/main/AndroidManifest.xml:26:25-66
38
39                <category android:name="android.intent.category.DEFAULT" />
39-->src/main/AndroidManifest.xml:28:17-76
39-->src/main/AndroidManifest.xml:28:27-73
40            </intent-filter>
41            <intent-filter>
41-->src/main/AndroidManifest.xml:30:13-40:29
42                <action android:name="android.intent.action.SEND" />
42-->src/main/AndroidManifest.xml:31:17-69
42-->src/main/AndroidManifest.xml:31:25-66
43
44                <category android:name="android.intent.category.DEFAULT" />
44-->src/main/AndroidManifest.xml:28:17-76
44-->src/main/AndroidManifest.xml:28:27-73
45
46                <data android:mimeType="application/*" />
46-->src/main/AndroidManifest.xml:35:17-58
46-->src/main/AndroidManifest.xml:35:23-55
47                <data android:mimeType="audio/*" />
47-->src/main/AndroidManifest.xml:35:17-58
47-->src/main/AndroidManifest.xml:35:23-55
48                <data android:mimeType="image/*" />
48-->src/main/AndroidManifest.xml:35:17-58
48-->src/main/AndroidManifest.xml:35:23-55
49                <data android:mimeType="text/*" />
49-->src/main/AndroidManifest.xml:35:17-58
49-->src/main/AndroidManifest.xml:35:23-55
50                <data android:mimeType="video/*" />
50-->src/main/AndroidManifest.xml:35:17-58
50-->src/main/AndroidManifest.xml:35:23-55
51            </intent-filter>
52
53            <meta-data
53-->src/main/AndroidManifest.xml:42:13-44:69
54                android:name="android.service.chooser.chooser_target_service"
54-->src/main/AndroidManifest.xml:43:17-78
55                android:value=".ConversationChooserTargetService" />
55-->src/main/AndroidManifest.xml:44:17-66
56        </activity>
57        <activity
57-->src/main/AndroidManifest.xml:46:9-48:39
58            android:name="com.insecureshop.AboutUsActivity"
58-->src/main/AndroidManifest.xml:47:13-44
59            android:exported="true" />
59-->src/main/AndroidManifest.xml:48:13-36
60        <activity android:name="com.insecureshop.CartListActivity" />
60-->src/main/AndroidManifest.xml:49:9-54
60-->src/main/AndroidManifest.xml:49:19-51
61        <activity
61-->src/main/AndroidManifest.xml:50:9-56:20
62            android:name="com.insecureshop.ProductListActivity"
62-->src/main/AndroidManifest.xml:50:19-54
63            android:exported="true" >
63-->src/main/AndroidManifest.xml:50:55-78
64            <intent-filter>
64-->src/main/AndroidManifest.xml:51:13-55:29
65                <action android:name="android.intent.action.MAIN" />
65-->src/main/AndroidManifest.xml:52:17-69
65-->src/main/AndroidManifest.xml:52:25-66
66
67                <category android:name="android.intent.category.LAUNCHER" />
67-->src/main/AndroidManifest.xml:54:17-77
67-->src/main/AndroidManifest.xml:54:27-74
68            </intent-filter>
69        </activity>
70        <activity android:name="com.insecureshop.LoginActivity" />
70-->src/main/AndroidManifest.xml:57:9-51
70-->src/main/AndroidManifest.xml:57:19-48
71        <activity
71-->src/main/AndroidManifest.xml:58:9-68:20
72            android:name="com.insecureshop.WebViewActivity"
72-->src/main/AndroidManifest.xml:58:19-50
73            android:exported="true" >
73-->src/main/AndroidManifest.xml:58:51-74
74            <intent-filter>
74-->src/main/AndroidManifest.xml:59:13-67:29
75                <action android:name="android.intent.action.VIEW" />
75-->src/main/AndroidManifest.xml:26:17-69
75-->src/main/AndroidManifest.xml:26:25-66
76
77                <category android:name="android.intent.category.DEFAULT" />
77-->src/main/AndroidManifest.xml:28:17-76
77-->src/main/AndroidManifest.xml:28:27-73
78                <category android:name="android.intent.category.BROWSABLE" />
78-->src/main/AndroidManifest.xml:62:17-78
78-->src/main/AndroidManifest.xml:62:27-75
79
80                <data
80-->src/main/AndroidManifest.xml:35:17-58
81                    android:host="com.insecureshop"
81-->src/main/AndroidManifest.xml:65:21-52
82                    android:scheme="insecureshop" />
82-->src/main/AndroidManifest.xml:66:21-50
83            </intent-filter>
84        </activity>
85        <activity
85-->src/main/AndroidManifest.xml:69:9-75:20
86            android:name="com.insecureshop.WebView2Activity"
86-->src/main/AndroidManifest.xml:69:19-51
87            android:exported="true" >
87-->src/main/AndroidManifest.xml:69:52-75
88            <intent-filter>
88-->src/main/AndroidManifest.xml:70:13-74:29
89                <action android:name="com.insecureshop.action.WEBVIEW" />
89-->src/main/AndroidManifest.xml:71:17-74
89-->src/main/AndroidManifest.xml:71:25-71
90
91                <category android:name="android.intent.category.DEFAULT" />
91-->src/main/AndroidManifest.xml:28:17-76
91-->src/main/AndroidManifest.xml:28:27-73
92                <category android:name="android.intent.category.BROWSABLE" />
92-->src/main/AndroidManifest.xml:62:17-78
92-->src/main/AndroidManifest.xml:62:27-75
93            </intent-filter>
94        </activity>
95        <activity
95-->src/main/AndroidManifest.xml:76:9-78:40
96            android:name="com.insecureshop.PrivateActivity"
96-->src/main/AndroidManifest.xml:77:13-44
97            android:exported="false" />
97-->src/main/AndroidManifest.xml:78:13-37
98        <activity android:name="com.insecureshop.SendingDataViaActionActivity" >
98-->src/main/AndroidManifest.xml:79:9-81:20
98-->src/main/AndroidManifest.xml:79:19-63
99        </activity>
100        <activity
100-->src/main/AndroidManifest.xml:82:9-75
101            android:name="com.insecureshop.ResultActivity"
101-->src/main/AndroidManifest.xml:82:19-49
102            android:exported="true" />
102-->src/main/AndroidManifest.xml:82:50-73
103
104        <provider
104-->src/main/AndroidManifest.xml:83:9-87:73
105            android:name="com.insecureshop.contentProvider.InsecureShopProvider"
105-->src/main/AndroidManifest.xml:84:13-65
106            android:authorities="com.insecureshop.provider"
106-->src/main/AndroidManifest.xml:85:13-60
107            android:exported="true"
107-->src/main/AndroidManifest.xml:86:13-36
108            android:readPermission="com.insecureshop.permission.READ" />
108-->src/main/AndroidManifest.xml:87:13-70
109        <provider
109-->src/main/AndroidManifest.xml:88:9-96:20
110            android:name="androidx.core.content.FileProvider"
110-->src/main/AndroidManifest.xml:89:13-62
111            android:authorities="com.insecureshop.file_provider"
111-->src/main/AndroidManifest.xml:90:13-65
112            android:exported="false"
112-->src/main/AndroidManifest.xml:91:13-37
113            android:grantUriPermissions="true" >
113-->src/main/AndroidManifest.xml:92:13-47
114            <meta-data
114-->src/main/AndroidManifest.xml:93:13-95:58
115                android:name="android.support.FILE_PROVIDER_PATHS"
115-->src/main/AndroidManifest.xml:94:17-67
116                android:resource="@xml/provider_paths" />
116-->src/main/AndroidManifest.xml:95:17-55
117        </provider>
118
119        <service
119-->[net.gotev:uploadservice:3.2.1] AndroidManifest.xml:17:9-21:19
120            android:name="net.gotev.uploadservice.UploadService"
120-->[net.gotev:uploadservice:3.2.1] AndroidManifest.xml:18:13-65
121            android:enabled="true"
121-->[net.gotev:uploadservice:3.2.1] AndroidManifest.xml:19:13-35
122            android:exported="true" >
122-->[net.gotev:uploadservice:3.2.1] AndroidManifest.xml:20:13-36
123        </service>
124
125        <provider
125-->[androidx.lifecycle:lifecycle-process:2.4.0] AndroidManifest.xml:26:9-34:20
126            android:name="androidx.startup.InitializationProvider"
126-->[androidx.lifecycle:lifecycle-process:2.4.0] AndroidManifest.xml:27:13-67
127            android:authorities="com.insecureshop.androidx-startup"
127-->[androidx.lifecycle:lifecycle-process:2.4.0] AndroidManifest.xml:28:13-68
128            android:exported="false" >
128-->[androidx.lifecycle:lifecycle-process:2.4.0] AndroidManifest.xml:29:13-37
129            <meta-data
129-->[androidx.lifecycle:lifecycle-process:2.4.0] AndroidManifest.xml:31:13-33:52
130                android:name="androidx.lifecycle.ProcessLifecycleInitializer"
130-->[androidx.lifecycle:lifecycle-process:2.4.0] AndroidManifest.xml:32:17-78
131                android:value="androidx.startup" />
131-->[androidx.lifecycle:lifecycle-process:2.4.0] AndroidManifest.xml:33:17-49
132        </provider>
133    </application>
134
135</manifest>